2019-08-07 13:11:20,289 - Client_Library_OAUTH - ERROR - Exception occured while generating access token; Exception Message::Exception occured while fetching accesstoken from Grant Token;Response is:{'error': 'invalid_client'}
2019-08-07 13:17:42,427 - Client_Library_OAUTH - ERROR - Exception occured while generating access token; Exception Message::Exception occured while fetching accesstoken from Grant Token;Response is:{'error': 'invalid_client'}
2019-08-07 13:19:17,890 - Client_Library_OAUTH - ERROR - Exception occured while generating access token; Exception Message::Exception occured while fetching accesstoken from Grant Token;Response is:{'error': 'invalid_client'}
2019-08-07 13:19:17,890 - Client_Library_OAUTH - ERROR - Exception occured while generating access token; Exception Message::Exception occured while fetching accesstoken from Grant Token;Response is:{'error': 'invalid_client'}
2019-08-07 13:19:48,539 - Client_Library_OAUTH - INFO - Access token expired hence refreshing; Exception Message::unsupported operand type(s) for -: 'NoneType' and 'int'
2019-08-07 13:19:48,539 - Client_Library_OAUTH - INFO - Access token expired hence refreshing; Exception Message::unsupported operand type(s) for -: 'NoneType' and 'int'
2019-08-07 13:19:48,539 - Client_Library_OAUTH - INFO - Access token expired hence refreshing; Exception Message::unsupported operand type(s) for -: 'NoneType' and 'int'
2019-08-07 13:19:48,544 - Client_Library_OAUTH - ERROR - Exception occured while fetching oauthtoken from db; Exception Message::Refresh token not provided!
2019-08-07 13:19:48,544 - Client_Library_OAUTH - ERROR - Exception occured while fetching oauthtoken from db; Exception Message::Refresh token not provided!
2019-08-07 13:19:48,544 - Client_Library_OAUTH - ERROR - Exception occured while fetching oauthtoken from db; Exception Message::Refresh token not provided!
2019-08-07 13:19:48,544 - Client_Library_OAUTH - ERROR - Exception occured while fetching oauthtoken from db; Exception Message::Refresh token not provided!
2019-08-07 13:21:34,657 - Client_Library_OAUTH - ERROR - Exception occured while generating access token; Exception Message::Exception occured while fetching accesstoken from Grant Token;Response is:{'error': 'invalid_client'}
2019-08-07 13:25:43,075 - Client_Library_OAUTH - ERROR - Exception occured while generating access token; Exception Message::Exception occured while fetching accesstoken from Grant Token;Response is:{'error': 'invalid_client'}
2019-08-07 13:36:22,175 - Client_Library_OAUTH - ERROR - Exception occured while generating access token; Exception Message::Exception occured while fetching accesstoken from Grant Token;Response is:{'error': 'invalid_code'}
2019-08-07 13:43:30,242 - Client_Library_OAUTH - ERROR - Exception occured while generating access token; Exception Message::Exception occured while fetching accesstoken from Grant Token;Response is:{'error': 'invalid_client'}
2019-08-07 13:46:41,276 - Client_Library_OAUTH - ERROR - Exception occured while generating access token; Exception Message::Exception occured while fetching accesstoken from Grant Token;Response is:{'error': 'invalid_client'}
2019-08-07 13:47:01,483 - Client_Library_OAUTH - ERROR - Exception occured while generating access token; Exception Message::Exception occured while fetching accesstoken from Grant Token;Response is:{'error': 'invalid_client'}
2019-08-07 13:48:23,442 - Client_Library_OAUTH - ERROR - Exception occured while generating access token; Exception Message::Exception occured while fetching accesstoken from Grant Token;Response is:{'error': 'invalid_client'}
2019-08-07 13:49:19,926 - Client_Library_OAUTH - ERROR - Exception occured while generating access token; Exception Message::Exception occured while fetching accesstoken from Grant Token;Response is:{'error': 'invalid_client'}
2019-08-07 13:50:14,514 - Client_Library_OAUTH - ERROR - Exception occured while generating access token; Exception Message::Exception occured while fetching accesstoken from Grant Token;Response is:{'error': 'invalid_client'}
2019-08-07 13:50:27,429 - Client_Library_OAUTH - ERROR - Exception occured while generating access token; Exception Message::Exception occured while fetching accesstoken from Grant Token;Response is:{'error': 'invalid_client'}
2019-08-07 13:50:56,626 - Client_Library_OAUTH - ERROR - Exception occured while generating access token; Exception Message::Exception occured while fetching accesstoken from Grant Token;Response is:{'error': 'invalid_client'}
2019-08-07 13:55:30,923 - Client_Library_OAUTH - ERROR - Exception occured while generating access token; Exception Message::Exception occured while fetching accesstoken from Grant Token;Response is:{'error': 'invalid_client'}
2019-08-07 13:59:39,340 - Client_Library_OAUTH - ERROR - Exception occured while generating access token; Exception Message::Exception occured while fetching accesstoken from Grant Token;Response is:{'error': 'invalid_client'}
2019-08-07 14:00:06,423 - Client_Library_OAUTH - ERROR - Exception occured while generating access token; Exception Message::Exception occured while fetching accesstoken from Grant Token;Response is:{'error': 'invalid_client'}
2019-08-07 14:00:32,846 - Client_Library_OAUTH - ERROR - Exception occured while generating access token; Exception Message::Exception occured while fetching accesstoken from Grant Token;Response is:{'error': 'invalid_client'}
2019-08-07 14:01:22,319 - Client_Library_OAUTH - ERROR - Exception occured while generating access token; Exception Message::Exception occured while fetching accesstoken from Grant Token;Response is:{'error': 'invalid_client'}
2019-08-07 14:02:36,888 - Client_Library_OAUTH - ERROR - Exception occured while generating access token; Exception Message::Exception occured while fetching accesstoken from Grant Token;Response is:{'error': 'invalid_client'}
2019-08-07 14:07:35,693 - Client_Library_OAUTH - ERROR - Exception occured while generating access token; Exception Message::Exception occured while fetching accesstoken from Grant Token;Response is:{'error': 'invalid_client'}
2019-08-07 14:35:33,624 - Client_Library_OAUTH - ERROR - Exception occured while generating access token; Exception Message::Exception occured while fetching accesstoken from Grant Token;Response is:{'error': 'invalid_client'}
2019-08-07 14:37:27,555 - Client_Library_OAUTH - ERROR - Exception occured while generating access token; Exception Message::Exception occured while fetching accesstoken from Grant Token;Response is:{'error': 'invalid_client'}
2019-08-07 14:40:10,539 - Client_Library_OAUTH - ERROR - Exception occured while generating access token; Exception Message::Exception occured while fetching accesstoken from Grant Token;Response is:{'error': 'invalid_client'}
2019-08-07 14:40:10,539 - Client_Library_OAUTH - ERROR - Exception occured while generating access token; Exception Message::Exception occured while fetching accesstoken from Grant Token;Response is:{'error': 'invalid_client'}
2019-08-07 14:41:44,254 - Client_Library_OAUTH - ERROR - Exception occured while generating access token; Exception Message::Exception occured while fetching accesstoken from Grant Token;Response is:{'error': 'invalid_code'}
2019-08-07 14:41:54,452 - Client_Library_OAUTH - ERROR - Exception occured while generating access token; Exception Message::Exception occured while fetching accesstoken from Grant Token;Response is:{'error': 'invalid_code'}
2019-08-07 14:42:13,359 - Client_Library_OAUTH - ERROR - Exception occured while generating access token; Exception Message::Exception occured while fetching accesstoken from Grant Token;Response is:{'error': 'invalid_code'}
2019-08-07 14:45:33,032 - Client_Library_OAUTH - ERROR - Exception occured while generating access token; Exception Message::Exception occured while fetching accesstoken from Grant Token;Response is:{'error': 'invalid_client'}
2019-08-07 14:46:19,030 - Client_Library_OAUTH - ERROR - Exception occured while generating access token; Exception Message::Exception occured while fetching accesstoken from Grant Token;Response is:{'error': 'invalid_client'}
2019-08-07 16:21:31,335 - Client_Library_OAUTH - ERROR - Exception occured while generating access token; Exception Message::Exception occured while fetching accesstoken from Grant Token;Response is:{'error': 'invalid_client'}
2019-08-07 16:21:31,335 - Client_Library_OAUTH - ERROR - Exception occured while generating access token; Exception Message::Exception occured while fetching accesstoken from Grant Token;Response is:{'error': 'invalid_client'}
2019-08-07 16:34:43,465 - Client_Library_OAUTH - ERROR - Exception occured while generating access token; Exception Message::Exception occured while fetching accesstoken from Grant Token;Response is:{'error': 'invalid_code'}
2019-08-07 17:43:59,242 - Client_Library_OAUTH - ERROR - Exception occured while generating access token; Exception Message::Exception occured while fetching accesstoken from Grant Token;Response is:{'error': 'invalid_code'}
2019-08-08 11:38:08,262 - Client_Library_OAUTH - ERROR - Exception occured while generating access token; Exception Message::Exception occured while fetching accesstoken from Grant Token;Response is:{'error': 'invalid_client'}
2019-08-08 11:39:39,122 - Client_Library_OAUTH - ERROR - Exception occured while generating access token; Exception Message::Exception occured while fetching accesstoken from Grant Token;Response is:{'error': 'invalid_client'}
2019-08-08 11:43:40,103 - Client_Library_OAUTH - ERROR - Exception occured while generating access token; Exception Message::Exception occured while fetching accesstoken from Grant Token;Response is:{'error': 'invalid_client'}
2019-08-08 11:44:55,145 - Client_Library_OAUTH - ERROR - Exception occured while generating access token; Exception Message::Exception occured while fetching accesstoken from Grant Token;Response is:{'error': 'invalid_client'}
2019-08-08 11:47:20,292 - Client_Library_OAUTH - ERROR - Exception occured while generating access token; Exception Message::Exception occured while fetching accesstoken from Grant Token;Response is:{'error': 'invalid_code'}
2019-08-08 11:49:09,229 - Client_Library_OAUTH - ERROR - Exception occured while generating access token; Exception Message::Exception occured while fetching accesstoken from Grant Token;Response is:{'error': 'invalid_code'}
2019-08-08 12:01:54,103 - Client_Library_OAUTH - ERROR - Exception occured while generating access token; Exception Message::Exception occured while fetching accesstoken from Grant Token;Response is:{'error': 'invalid_client'}
2019-08-08 13:24:59,164 - Client_Library_OAUTH - ERROR - Exception occured while generating access token; Exception Message::Exception occured while fetching accesstoken from Grant Token;Response is:{'error': 'invalid_code'}
2019-08-08 13:25:57,043 - Client_Library_OAUTH - ERROR - Exception occured while generating access token; Exception Message::Exception occured while fetching accesstoken from Grant Token;Response is:{'error': 'invalid_code'}
2019-08-08 13:25:57,043 - Client_Library_OAUTH - ERROR - Exception occured while generating access token; Exception Message::Exception occured while fetching accesstoken from Grant Token;Response is:{'error': 'invalid_code'}
2019-08-08 13:26:38,839 - Client_Library_OAUTH - ERROR - Exception occured while generating access token; Exception Message::Exception occured while fetching accesstoken from Grant Token;Response is:{'error': 'invalid_code'}
2019-08-08 14:04:50,219 - Client_Library_OAUTH - ERROR - Exception occured while generating access token; Exception Message::Exception occured while fetching accesstoken from Grant Token;Response is:{'error': 'invalid_code'}
2019-08-08 15:41:22,865 - Client_Library_OAUTH - INFO - Access token expired hence refreshing; Exception Message::Access token got expired!
2019-08-08 17:10:37,495 - Client_Library_OAUTH - ERROR - Exception occured while generating access token; Exception Message::Exception occured while fetching accesstoken from Grant Token;Response is:{'error': 'invalid_code'}
2019-08-08 17:11:47,632 - Client_Library_OAUTH - ERROR - Exception occured while generating access token; Exception Message::Exception occured while fetching accesstoken from Grant Token;Response is:{'error': 'invalid_code'}
2019-08-08 17:29:17,295 - Client_Library_OAUTH - ERROR - Exception occured while generating access token; Exception Message::Exception occured while fetching accesstoken from Grant Token;Response is:{'error': 'invalid_code'}
2019-08-08 17:29:28,701 - Client_Library_OAUTH - ERROR - Exception occured while generating access token; Exception Message::Exception occured while fetching accesstoken from Grant Token;Response is:{'error': 'invalid_code'}
